2026-01-17 16:38:52 -  - exec CUpdateClientPartner::SearchModulesEx
2026-01-17 16:38:52 -  - exec CUpdateClientPartner::__CollectRequestData
2026-01-17 16:38:52 -  - utf=Y&lang=ru&stable=Y&CANGZIP=Y&SUPD_DBS=MYSQL&XE=N&CLIENT_SITE=localhost&LICENSE_KEY=X&SUPD_STS=1&SUPD_URS=0&TYPENC=D&CLIENT_PHPVER=8.2.12&NGINX=Y&dbv=10.4.32&instm=main%2C25.100.500%2CY%3Bb24connector%2C24.0.100%2CN%3Bbitrix.sitecorporate%2C24.0.0%2CN%3Bbitrixcloud%2C25.0.0%2CN%3Bblog%2C24.300.100%2CN%3Bclouds%2C25.100.0%2CN%3Bfileman%2C25.0.0%2CN%3Bform%2C25.0.0%2CN%3Bforum%2C25.200.0%2CN%3Bhighloadblock%2C24.100.0%2CN%3Biblock%2C25.0.100%2CN%3Blanding%2C24.800.300%2CN%3Blocation%2C25.100.0%2CN%3Bmessageservice%2C24.900.100%2CN%3Bmobileapp%2C24.200.0%2CN%3Bperfmon%2C24.200.0%2CN%3Bphotogallery%2C25.0.0%2CN%3Brest%2C25.300.100%2CN%3Bsearch%2C25.0.0%2CN%3Bsecurity%2C24.0.300%2CN%3Bseo%2C24.700.100%2CN%3Bsocialservices%2C24.200.100%2CN%3Bsubscribe%2C24.0.0%2CN%3Btranslate%2C25.0.0%2CN%3Bui%2C25.50.200%2CN%3Bvote%2C25.0.0%2CN&search_module_id=&search_module=&search_category=7%2C14&search_type=&search_order=DESC&search_order_by=SORT&search_page=1&SUPD_SRS=RU&SUPD_CMP=N
2026-01-17 16:38:52 -  - exec CUpdateClientPartner::GetHTTPPage
2026-01-17 16:38:53 -  - TIME SearchModulesEx(request) 0.599 sec
2026-01-17 16:38:53 -  - exec CUpdateClientPartner::ParseServerData
2026-01-17 16:40:24 -  - exec CUpdateClientPartner::LoadModulesUpdates
2026-01-17 16:40:24 -  - exec CUpdateClientPartner::__CollectRequestData
2026-01-17 16:40:25 -  - utf=Y&lang=ru&stable=Y&CANGZIP=Y&SUPD_DBS=MYSQL&XE=N&CLIENT_SITE=localhost&LICENSE_KEY=X&SUPD_STS=1&SUPD_URS=0&TYPENC=D&CLIENT_PHPVER=8.2.12&NGINX=Y&dbv=10.4.32&instm=main%2C25.100.500%2CY%3Bb24connector%2C24.0.100%2CN%3Bbitrix.sitecorporate%2C24.0.0%2CN%3Bbitrixcloud%2C25.0.0%2CN%3Bblog%2C24.300.100%2CN%3Bclouds%2C25.100.0%2CN%3Bfileman%2C25.0.0%2CN%3Bform%2C25.0.0%2CN%3Bforum%2C25.200.0%2CN%3Bhighloadblock%2C24.100.0%2CN%3Biblock%2C25.0.100%2CN%3Blanding%2C24.800.300%2CN%3Blocation%2C25.100.0%2CN%3Bmessageservice%2C24.900.100%2CN%3Bmobileapp%2C24.200.0%2CN%3Bperfmon%2C24.200.0%2CN%3Bphotogallery%2C25.0.0%2CN%3Brest%2C25.300.100%2CN%3Bsearch%2C25.0.0%2CN%3Bsecurity%2C24.0.300%2CN%3Bseo%2C24.700.100%2CN%3Bsocialservices%2C24.200.100%2CN%3Bsubscribe%2C24.0.0%2CN%3Btranslate%2C25.0.0%2CN%3Bui%2C25.50.200%2CN%3Bvote%2C25.0.0%2CN&reqm=ilimurzin.install&lim=Y&SUPD_SRS=RU&SUPD_CMP=N
2026-01-17 16:40:25 -  - exec CUpdateClientPartner::GetHTTPPage
2026-01-17 16:40:25 -  - TIME LoadModulesUpdates(request) 0.294 sec
2026-01-17 16:40:25 -  - exec CUpdateClientPartner::ParseServerData
2026-01-17 16:40:25 - S - STEP
2026-01-17 16:40:25 - LM4W01 - loadModule4Wizard-Step
2026-01-17 16:40:25 -  - exec CUpdateClientPartner::LoadModulesUpdates
2026-01-17 16:40:25 -  - exec CUpdateClientPartner::ParseServerData
2026-01-17 16:40:25 -  - loadFile
2026-01-17 16:40:25 - U - RETURN
2026-01-17 16:40:25 -  - exec CUpdateClientPartner::UnGzipArchive
2026-01-17 16:40:25 -  - TIME UnGzipArchive 0.086 sec
2026-01-17 16:40:25 -  - TIME UpdateStepModules 0.018 sec
2026-01-17 16:40:25 -  - exec CUpdateClientPartner::LoadModulesUpdates
2026-01-17 16:40:25 -  - exec CUpdateClientPartner::__CollectRequestData
2026-01-17 16:40:25 -  - utf=Y&lang=ru&stable=Y&CANGZIP=Y&SUPD_DBS=MYSQL&XE=N&CLIENT_SITE=localhost&LICENSE_KEY=X&SUPD_STS=1&SUPD_URS=0&TYPENC=D&CLIENT_PHPVER=8.2.12&NGINX=Y&dbv=10.4.32&instm=main%2C25.100.500%2CY%3Bb24connector%2C24.0.100%2CN%3Bbitrix.sitecorporate%2C24.0.0%2CN%3Bbitrixcloud%2C25.0.0%2CN%3Bblog%2C24.300.100%2CN%3Bclouds%2C25.100.0%2CN%3Bfileman%2C25.0.0%2CN%3Bform%2C25.0.0%2CN%3Bforum%2C25.200.0%2CN%3Bhighloadblock%2C24.100.0%2CN%3Biblock%2C25.0.100%2CN%3Bilimurzin.install%2C1.0.0%2CN%3Blanding%2C24.800.300%2CN%3Blocation%2C25.100.0%2CN%3Bmessageservice%2C24.900.100%2CN%3Bmobileapp%2C24.200.0%2CN%3Bperfmon%2C24.200.0%2CN%3Bphotogallery%2C25.0.0%2CN%3Brest%2C25.300.100%2CN%3Bsearch%2C25.0.0%2CN%3Bsecurity%2C24.0.300%2CN%3Bseo%2C24.700.100%2CN%3Bsocialservices%2C24.200.100%2CN%3Bsubscribe%2C24.0.0%2CN%3Btranslate%2C25.0.0%2CN%3Bui%2C25.50.200%2CN%3Bvote%2C25.0.0%2CN&reqm=ilimurzin.install&lim=Y&SUPD_SRS=RU&SUPD_CMP=N
2026-01-17 16:40:25 -  - exec CUpdateClientPartner::GetHTTPPage
2026-01-17 16:40:26 -  - TIME LoadModulesUpdates(request) 0.258 sec
2026-01-17 16:40:26 -  - exec CUpdateClientPartner::ParseServerData
2026-01-17 16:40:26 - STEP - Finish - NOUPDATES
2026-01-17 16:40:26 - LM4W03 - Finish - NOUPDATES
2026-01-17 16:41:40 -  - exec CUpdateClientPartner::__CollectRequestData
2026-01-17 16:41:40 -  - exec CUpdateClientPartner::GetHTTPPage
2026-01-17 16:41:40 -  - exec CUpdateClientPartner::ParseServerData
2026-01-17 16:41:40 -  - exec CUpdateClientPartner::GetUpdatesList
2026-01-17 16:41:40 -  - exec CUpdateClientPartner::__CollectRequestData
2026-01-17 16:41:40 -  - utf=Y&lang=ru&stable=Y&CANGZIP=Y&SUPD_DBS=MYSQL&XE=N&CLIENT_SITE=localhost&LICENSE_KEY=X&SUPD_STS=1&SUPD_URS=0&TYPENC=D&CLIENT_PHPVER=8.2.12&NGINX=Y&dbv=10.4.32&instm=main%2C25.100.500%2CY%3Bb24connector%2C24.0.100%2CN%3Bbitrix.sitecorporate%2C24.0.0%2CN%3Bbitrixcloud%2C25.0.0%2CN%3Bblog%2C24.300.100%2CN%3Bclouds%2C25.100.0%2CN%3Bfileman%2C25.0.0%2CN%3Bform%2C25.0.0%2CN%3Bforum%2C25.200.0%2CN%3Bhighloadblock%2C24.100.0%2CN%3Biblock%2C25.0.100%2CN%3Bilimurzin.install%2C1.0.0%2CN%3Blanding%2C24.800.300%2CN%3Blocation%2C25.100.0%2CN%3Bmessageservice%2C24.900.100%2CN%3Bmobileapp%2C24.200.0%2CN%3Bperfmon%2C24.200.0%2CN%3Bphotogallery%2C25.0.0%2CN%3Brest%2C25.300.100%2CN%3Bsearch%2C25.0.0%2CN%3Bsecurity%2C24.0.300%2CN%3Bseo%2C24.700.100%2CN%3Bsocialservices%2C24.200.100%2CN%3Bsubscribe%2C24.0.0%2CN%3Btranslate%2C25.0.0%2CN%3Bui%2C25.50.200%2CN%3Bvote%2C25.0.0%2CN&reqm=bitrix.sitecorporate%2Cilimurzin.install&fullmoduleinfo=Y&SUPD_SRS=RU&SUPD_CMP=N
2026-01-17 16:41:40 -  - exec CUpdateClientPartner::GetHTTPPage
2026-01-17 16:41:40 -  - TIME GetUpdatesList(request) 0.286 sec
2026-01-17 16:41:40 -  - exec CUpdateClientPartner::ParseServerData
2026-01-17 16:41:40 -  - exec CUpdateClientPartner::__CollectRequestData
2026-01-17 16:41:40 -  - exec CUpdateClientPartner::GetHTTPPage
2026-01-17 16:41:40 -  - exec CUpdateClientPartner::ParseServerData
2026-01-17 16:49:17 -  - exec CUpdateClientPartner::__CollectRequestData
2026-01-17 16:49:17 -  - exec CUpdateClientPartner::GetHTTPPage
2026-01-17 16:49:17 -  - exec CUpdateClientPartner::ParseServerData
2026-01-17 16:49:17 -  - exec CUpdateClientPartner::GetUpdatesList
2026-01-17 16:49:17 -  - exec CUpdateClientPartner::__CollectRequestData
2026-01-17 16:49:17 -  - utf=Y&lang=ru&stable=Y&CANGZIP=Y&SUPD_DBS=MYSQL&XE=N&CLIENT_SITE=localhost&LICENSE_KEY=X&SUPD_STS=1&SUPD_URS=0&TYPENC=D&CLIENT_PHPVER=8.2.12&NGINX=Y&dbv=10.4.32&instm=main%2C25.100.500%2CY%3Bb24connector%2C24.0.100%2CN%3Bbitrix.sitecorporate%2C24.0.0%2CN%3Bbitrixcloud%2C25.0.0%2CN%3Bblog%2C24.300.100%2CN%3Bclouds%2C25.100.0%2CN%3Bfileman%2C25.0.0%2CN%3Bform%2C25.0.0%2CN%3Bforum%2C25.200.0%2CN%3Bhighloadblock%2C24.100.0%2CN%3Biblock%2C25.0.100%2CN%3Bilimurzin.install%2C1.0.0%2CN%3Blanding%2C24.800.300%2CN%3Blocation%2C25.100.0%2CN%3Bmessageservice%2C24.900.100%2CN%3Bmobileapp%2C24.200.0%2CN%3Bperfmon%2C24.200.0%2CN%3Bphotogallery%2C25.0.0%2CN%3Brest%2C25.300.100%2CN%3Bsearch%2C25.0.0%2CN%3Bsecurity%2C24.0.300%2CN%3Bseo%2C24.700.100%2CN%3Bsocialservices%2C24.200.100%2CN%3Bsubscribe%2C24.0.0%2CN%3Btranslate%2C25.0.0%2CN%3Bui%2C25.50.200%2CN%3Bvote%2C25.0.0%2CN&reqm=bitrix.sitecorporate%2Cilimurzin.install&fullmoduleinfo=Y&SUPD_SRS=RU&SUPD_CMP=N
2026-01-17 16:49:17 -  - exec CUpdateClientPartner::GetHTTPPage
2026-01-17 16:49:18 -  - TIME GetUpdatesList(request) 0.135 sec
2026-01-17 16:49:18 -  - exec CUpdateClientPartner::ParseServerData
2026-01-17 16:49:18 -  - exec CUpdateClientPartner::__CollectRequestData
2026-01-17 16:49:18 -  - exec CUpdateClientPartner::GetHTTPPage
2026-01-17 16:49:18 -  - exec CUpdateClientPartner::ParseServerData
2026-01-17 16:49:21 -  - exec CUpdateClientPartner::__CollectRequestData
2026-01-17 16:49:21 -  - exec CUpdateClientPartner::GetHTTPPage
2026-01-17 16:49:21 -  - exec CUpdateClientPartner::ParseServerData
2026-01-17 16:49:21 -  - exec CUpdateClientPartner::GetUpdatesList
2026-01-17 16:49:21 -  - exec CUpdateClientPartner::__CollectRequestData
2026-01-17 16:49:21 -  - utf=Y&lang=ru&stable=Y&CANGZIP=Y&SUPD_DBS=MYSQL&XE=N&CLIENT_SITE=localhost&LICENSE_KEY=X&SUPD_STS=1&SUPD_URS=0&TYPENC=D&CLIENT_PHPVER=8.2.12&NGINX=Y&dbv=10.4.32&instm=main%2C25.100.500%2CY%3Bb24connector%2C24.0.100%2CN%3Bbitrix.sitecorporate%2C24.0.0%2CN%3Bbitrixcloud%2C25.0.0%2CN%3Bblog%2C24.300.100%2CN%3Bclouds%2C25.100.0%2CN%3Bfileman%2C25.0.0%2CN%3Bform%2C25.0.0%2CN%3Bforum%2C25.200.0%2CN%3Bhighloadblock%2C24.100.0%2CN%3Biblock%2C25.0.100%2CN%3Bilimurzin.install%2C1.0.0%2CN%3Blanding%2C24.800.300%2CN%3Blocation%2C25.100.0%2CN%3Bmessageservice%2C24.900.100%2CN%3Bmobileapp%2C24.200.0%2CN%3Bperfmon%2C24.200.0%2CN%3Bphotogallery%2C25.0.0%2CN%3Brest%2C25.300.100%2CN%3Bsearch%2C25.0.0%2CN%3Bsecurity%2C24.0.300%2CN%3Bseo%2C24.700.100%2CN%3Bsocialservices%2C24.200.100%2CN%3Bsubscribe%2C24.0.0%2CN%3Btranslate%2C25.0.0%2CN%3Bui%2C25.50.200%2CN%3Bvote%2C25.0.0%2CN&reqm=bitrix.sitecorporate%2Cilimurzin.install&fullmoduleinfo=Y&SUPD_SRS=RU&SUPD_CMP=N
2026-01-17 16:49:21 -  - exec CUpdateClientPartner::GetHTTPPage
2026-01-17 16:49:21 -  - TIME GetUpdatesList(request) 0.134 sec
2026-01-17 16:49:21 -  - exec CUpdateClientPartner::ParseServerData
2026-01-17 16:49:21 -  - exec CUpdateClientPartner::__CollectRequestData
2026-01-17 16:49:21 -  - exec CUpdateClientPartner::GetHTTPPage
2026-01-17 16:49:21 -  - exec CUpdateClientPartner::ParseServerData
2026-01-17 16:49:24 -  - exec CUpdateClientPartner::__CollectRequestData
2026-01-17 16:49:24 -  - exec CUpdateClientPartner::GetHTTPPage
2026-01-17 16:49:24 -  - exec CUpdateClientPartner::ParseServerData
2026-01-17 16:49:24 -  - exec CUpdateClientPartner::GetUpdatesList
2026-01-17 16:49:24 -  - exec CUpdateClientPartner::__CollectRequestData
2026-01-17 16:49:24 -  - utf=Y&lang=ru&stable=Y&CANGZIP=Y&SUPD_DBS=MYSQL&XE=N&CLIENT_SITE=localhost&LICENSE_KEY=X&SUPD_STS=1&SUPD_URS=0&TYPENC=D&CLIENT_PHPVER=8.2.12&NGINX=Y&dbv=10.4.32&instm=main%2C25.100.500%2CY%3Bb24connector%2C24.0.100%2CN%3Bbitrix.sitecorporate%2C24.0.0%2CN%3Bbitrixcloud%2C25.0.0%2CN%3Bblog%2C24.300.100%2CN%3Bclouds%2C25.100.0%2CN%3Bfileman%2C25.0.0%2CN%3Bform%2C25.0.0%2CN%3Bforum%2C25.200.0%2CN%3Bhighloadblock%2C24.100.0%2CN%3Biblock%2C25.0.100%2CN%3Bilimurzin.install%2C1.0.0%2CN%3Blanding%2C24.800.300%2CN%3Blocation%2C25.100.0%2CN%3Bmessageservice%2C24.900.100%2CN%3Bmobileapp%2C24.200.0%2CN%3Bperfmon%2C24.200.0%2CN%3Bphotogallery%2C25.0.0%2CN%3Brest%2C25.300.100%2CN%3Bsearch%2C25.0.0%2CN%3Bsecurity%2C24.0.300%2CN%3Bseo%2C24.700.100%2CN%3Bsocialservices%2C24.200.100%2CN%3Bsubscribe%2C24.0.0%2CN%3Btranslate%2C25.0.0%2CN%3Bui%2C25.50.200%2CN%3Bvote%2C25.0.0%2CN&reqm=bitrix.sitecorporate%2Cilimurzin.install&fullmoduleinfo=Y&SUPD_SRS=RU&SUPD_CMP=N
2026-01-17 16:49:24 -  - exec CUpdateClientPartner::GetHTTPPage
2026-01-17 16:49:24 -  - TIME GetUpdatesList(request) 0.127 sec
2026-01-17 16:49:24 -  - exec CUpdateClientPartner::ParseServerData
2026-01-17 16:49:24 -  - exec CUpdateClientPartner::__CollectRequestData
2026-01-17 16:49:24 -  - exec CUpdateClientPartner::GetHTTPPage
2026-01-17 16:49:24 -  - exec CUpdateClientPartner::ParseServerData
